<?xml version="1.0" encoding="UTF-8"?>
<coverage generated="1657366505878" clover="3.2.0">
  <project timestamp="1657366505878" name="All files">
    <metrics statements="62" coveredstatements="62" conditionals="15" coveredconditionals="15" methods="19" coveredmethods="19" elements="96" coveredelements="96" complexity="0" loc="62" ncloc="62" packages="4" files="8" classes="8"/>
    <package name="src">
      <metrics statements="19" coveredstatements="19" conditionals="5" coveredconditionals="5" methods="7" coveredmethods="7"/>
      <file name="Counter.tsx" path="C:\Users\Teddy\Desktop\Projects\Temporaire\counter\packages\web\src\Counter.tsx">
        <metrics statements="19" coveredstatements="19" conditionals="5" coveredconditionals="5" methods="7" coveredmethods="7"/>
        <line num="1" count="1" type="stmt"/>
        <line num="2" count="1" type="stmt"/>
        <line num="3" count="1" type="stmt"/>
        <line num="5" count="1" type="stmt"/>
        <line num="8" count="1" type="cond" truecount="2" falsecount="0"/>
        <line num="14" count="1" type="cond" truecount="2" falsecount="0"/>
        <line num="20" count="1" type="stmt"/>
        <line num="21" count="17" type="stmt"/>
        <line num="22" count="13" type="stmt"/>
        <line num="24" count="13" type="stmt"/>
        <line num="25" count="13" type="stmt"/>
        <line num="27" count="13" type="stmt"/>
        <line num="28" count="6" type="cond" truecount="1" falsecount="0"/>
        <line num="31" count="13" type="stmt"/>
        <line num="34" count="1" type="stmt"/>
        <line num="35" count="2" type="stmt"/>
        <line num="36" count="1" type="stmt"/>
        <line num="39" count="1" type="stmt"/>
        <line num="46" count="1" type="stmt"/>
      </file>
    </package>
    <package name="src.store">
      <metrics statements="12" coveredstatements="12" conditionals="0" coveredconditionals="0" methods="3" coveredmethods="3"/>
      <file name="counter.slice.ts" path="C:\Users\Teddy\Desktop\Projects\Temporaire\counter\packages\web\src\store\counter.slice.ts">
        <metrics statements="8" coveredstatements="8" conditionals="0" coveredconditionals="0" methods="3" coveredmethods="3"/>
        <line num="1" count="1" type="stmt"/>
        <line num="7" count="1" type="stmt"/>
        <line num="11" count="1" type="stmt"/>
        <line num="16" count="2" type="stmt"/>
        <line num="19" count="1" type="stmt"/>
        <line num="22" count="1" type="stmt"/>
        <line num="27" count="1" type="stmt"/>
        <line num="28" count="1" type="stmt"/>
      </file>
      <file name="store.ts" path="C:\Users\Teddy\Desktop\Projects\Temporaire\counter\packages\web\src\store\store.ts">
        <metrics statements="4" coveredstatements="4" conditionals="0" coveredconditionals="0" methods="0" coveredmethods="0"/>
        <line num="1" count="1" type="stmt"/>
        <line num="3" count="1" type="stmt"/>
        <line num="5" count="1" type="stmt"/>
        <line num="9" count="1" type="stmt"/>
      </file>
    </package>
    <package name="tests">
      <metrics statements="17" coveredstatements="17" conditionals="2" coveredconditionals="2" methods="6" coveredmethods="6"/>
      <file name="index.ts" path="C:\Users\Teddy\Desktop\Projects\Temporaire\counter\packages\web\tests\index.ts">
        <metrics statements="1" coveredstatements="1" conditionals="0" coveredconditionals="0" methods="0" coveredmethods="0"/>
        <line num="1" count="1" type="stmt"/>
      </file>
      <file name="testing.tsx" path="C:\Users\Teddy\Desktop\Projects\Temporaire\counter\packages\web\tests\testing.tsx">
        <metrics statements="16" coveredstatements="16" conditionals="2" coveredconditionals="2" methods="6" coveredmethods="6"/>
        <line num="2" count="1" type="stmt"/>
        <line num="6" count="1" type="stmt"/>
        <line num="7" count="1" type="stmt"/>
        <line num="20" count="1" type="stmt"/>
        <line num="22" count="1" type="stmt"/>
        <line num="23" count="5" type="stmt"/>
        <line num="24" count="10" type="stmt"/>
        <line num="28" count="7" type="cond" truecount="1" falsecount="0"/>
        <line num="29" count="5" type="stmt"/>
        <line num="30" count="5" type="stmt"/>
        <line num="34" count="7" type="cond" truecount="1" falsecount="0"/>
        <line num="35" count="5" type="stmt"/>
        <line num="36" count="5" type="stmt"/>
        <line num="39" count="2" type="stmt"/>
        <line num="40" count="1" type="stmt"/>
        <line num="41" count="1" type="stmt"/>
      </file>
    </package>
    <package name="tests.mocks">
      <metrics statements="14" coveredstatements="14" conditionals="8" coveredconditionals="8" methods="3" coveredmethods="3"/>
      <file name="apollo.mock.tsx" path="C:\Users\Teddy\Desktop\Projects\Temporaire\counter\packages\web\tests\mocks\apollo.mock.tsx">
        <metrics statements="5" coveredstatements="5" conditionals="4" coveredconditionals="4" methods="1" coveredmethods="1"/>
        <line num="1" count="1" type="stmt"/>
        <line num="2" count="1" type="stmt"/>
        <line num="7" count="1" type="stmt"/>
        <line num="9" count="1" type="stmt"/>
        <line num="10" count="5" type="stmt"/>
      </file>
      <file name="index.ts" path="C:\Users\Teddy\Desktop\Projects\Temporaire\counter\packages\web\tests\mocks\index.ts">
        <metrics statements="1" coveredstatements="1" conditionals="0" coveredconditionals="0" methods="0" coveredmethods="0"/>
        <line num="1" count="1" type="stmt"/>
      </file>
      <file name="redux.mock.tsx" path="C:\Users\Teddy\Desktop\Projects\Temporaire\counter\packages\web\tests\mocks\redux.mock.tsx">
        <metrics statements="8" coveredstatements="8" conditionals="4" coveredconditionals="4" methods="2" coveredmethods="2"/>
        <line num="2" count="1" type="stmt"/>
        <line num="3" count="1" type="stmt"/>
        <line num="5" count="1" type="stmt"/>
        <line num="6" count="1" type="stmt"/>
        <line num="10" count="1" type="stmt"/>
        <line num="11" count="5" type="cond" truecount="4" falsecount="0"/>
        <line num="14" count="1" type="stmt"/>
        <line num="15" count="5" type="stmt"/>
      </file>
    </package>
  </project>
</coverage>
