{"C:\\Users\\Teddy\\Desktop\\Projects\\Temporaire\\counter\\packages\\web\\src\\Counter.tsx": {"path":"C:\\Users\\Teddy\\Desktop\\Projects\\Temporaire\\counter\\packages\\web\\src\\Counter.tsx","statementMap":{"0":{"start":{"line":1,"column":0},"end":{"line":1,"column":41}},"1":{"start":{"line":2,"column":0},"end":{"line":2,"column":55}},"2":{"start":{"line":3,"column":0},"end":{"line":3,"column":64}},"3":{"start":{"line":5,"column":0},"end":{"line":5,"column":67}},"4":{"start":{"line":8,"column":13},"end":{"line":12,"column":2}},"5":{"start":{"line":14,"column":13},"end":{"line":18,"column":2}},"6":{"start":{"line":20,"column":16},"end":{"line":44,"column":1}},"7":{"start":{"line":21,"column":18},"end":{"line":21,"column":72}},"8":{"start":{"line":21,"column":52},"end":{"line":21,"column":72}},"9":{"start":{"line":22,"column":19},"end":{"line":22,"column":32}},"10":{"start":{"line":24,"column":28},"end":{"line":24,"column":53}},"11":{"start":{"line":24,"column":17},"end":{"line":24,"column":19}},"12":{"start":{"line":24,"column":24},"end":{"line":24,"column":28}},"13":{"start":{"line":25,"column":29},"end":{"line":25,"column":81}},"14":{"start":{"line":25,"column":15},"end":{"line":25,"column":17}},"15":{"start":{"line":25,"column":25},"end":{"line":25,"column":29}},"16":{"start":{"line":27,"column":2},"end":{"line":29,"column":19}},"17":{"start":{"line":28,"column":4},"end":{"line":28,"column":55}},"18":{"start":{"line":28,"column":20},"end":{"line":28,"column":55}},"19":{"start":{"line":31,"column":2},"end":{"line":43,"column":4}},"20":{"start":{"line":34,"column":29},"end":{"line":34,"column":62}},"21":{"start":{"line":35,"column":29},"end":{"line":35,"column":62}},"22":{"start":{"line":36,"column":57},"end":{"line":36,"column":null}},"23":{"start":{"line":39,"column":57},"end":{"line":39,"column":null}},"24":{"start":{"line":46,"column":0},"end":{"line":46,"column":23}}},"fnMap":{"0":{"name":"(anonymous_7)","decl":{"start":{"line":20,"column":16},"end":{"line":20,"column":null}},"loc":{"start":{"line":20,"column":16},"end":{"line":44,"column":1}}},"1":{"name":"(anonymous_8)","decl":{"start":{"line":21,"column":30},"end":{"line":21,"column":31}},"loc":{"start":{"line":21,"column":47},"end":{"line":21,"column":57}}},"2":{"name":"(anonymous_9)","decl":{"start":{"line":27,"column":12},"end":{"line":27,"column":null}},"loc":{"start":{"line":27,"column":12},"end":{"line":29,"column":3}}},"3":{"name":"(anonymous_10)","decl":{"start":{"line":34,"column":23},"end":{"line":34,"column":29}},"loc":{"start":{"line":34,"column":23},"end":{"line":34,"column":37}}},"4":{"name":"(anonymous_11)","decl":{"start":{"line":35,"column":23},"end":{"line":35,"column":29}},"loc":{"start":{"line":35,"column":23},"end":{"line":35,"column":37}}},"5":{"name":"(anonymous_12)","decl":{"start":{"line":36,"column":51},"end":{"line":36,"column":57}},"loc":{"start":{"line":36,"column":51},"end":{"line":36,"column":63}}},"6":{"name":"(anonymous_13)","decl":{"start":{"line":39,"column":51},"end":{"line":39,"column":57}},"loc":{"start":{"line":39,"column":51},"end":{"line":39,"column":65}}}},"branchMap":{"0":{"loc":{"start":{"line":8,"column":30},"end":{"line":12,"column":2}},"type":"binary-expr","locations":[{"start":{"line":8,"column":30},"end":{"line":8,"column":null}},{"start":{"line":8,"column":30},"end":{"line":12,"column":2}}]},"1":{"loc":{"start":{"line":14,"column":30},"end":{"line":18,"column":2}},"type":"binary-expr","locations":[{"start":{"line":14,"column":30},"end":{"line":14,"column":null}},{"start":{"line":14,"column":30},"end":{"line":18,"column":2}}]},"2":{"loc":{"start":{"line":28,"column":4},"end":{"line":28,"column":55}},"type":"if","locations":[{"start":{"line":28,"column":4},"end":{"line":28,"column":55}}]}},"s":{"0":1,"1":1,"2":1,"3":1,"4":1,"5":1,"6":1,"7":13,"8":17,"9":13,"10":13,"11":13,"12":13,"13":13,"14":13,"15":13,"16":13,"17":6,"18":1,"19":13,"20":1,"21":2,"22":1,"23":1,"24":1},"f":{"0":13,"1":17,"2":6,"3":1,"4":2,"5":1,"6":1},"b":{"0":[1,1],"1":[1,1],"2":[1]}}
,"C:\\Users\\Teddy\\Desktop\\Projects\\Temporaire\\counter\\packages\\web\\src\\store\\counter.slice.ts": {"path":"C:\\Users\\Teddy\\Desktop\\Projects\\Temporaire\\counter\\packages\\web\\src\\store\\counter.slice.ts","statementMap":{"0":{"start":{"line":1,"column":0},"end":{"line":1,"column":62}},"1":{"start":{"line":7,"column":35},"end":{"line":9,"column":2}},"2":{"start":{"line":11,"column":13},"end":{"line":25,"column":3}},"3":{"start":{"line":16,"column":6},"end":{"line":16,"column":23}},"4":{"start":{"line":19,"column":6},"end":{"line":19,"column":23}},"5":{"start":{"line":22,"column":6},"end":{"line":22,"column":35}},"6":{"start":{"line":27,"column":15},"end":{"line":27,"column":46}},"7":{"start":{"line":28,"column":0},"end":{"line":28,"column":36}}},"fnMap":{"0":{"name":"(anonymous_0)","decl":{"start":{"line":15,"column":15},"end":{"line":15,"column":16}},"loc":{"start":{"line":15,"column":21},"end":{"line":17,"column":5}}},"1":{"name":"(anonymous_1)","decl":{"start":{"line":18,"column":15},"end":{"line":18,"column":16}},"loc":{"start":{"line":18,"column":21},"end":{"line":20,"column":5}}},"2":{"name":"(anonymous_2)","decl":{"start":{"line":21,"column":10},"end":{"line":21,"column":11}},"loc":{"start":{"line":21,"column":47},"end":{"line":23,"column":5}}}},"branchMap":{},"s":{"0":1,"1":1,"2":1,"3":2,"4":1,"5":1,"6":1,"7":1},"f":{"0":2,"1":1,"2":1},"b":{}}
,"C:\\Users\\Teddy\\Desktop\\Projects\\Temporaire\\counter\\packages\\web\\src\\store\\store.ts": {"path":"C:\\Users\\Teddy\\Desktop\\Projects\\Temporaire\\counter\\packages\\web\\src\\store\\store.ts","statementMap":{"0":{"start":{"line":1,"column":0},"end":{"line":1,"column":67}},"1":{"start":{"line":3,"column":0},"end":{"line":3,"column":45}},"2":{"start":{"line":5,"column":13},"end":{"line":7,"column":3}},"3":{"start":{"line":9,"column":13},"end":{"line":11,"column":3}}},"fnMap":{},"branchMap":{},"s":{"0":1,"1":1,"2":1,"3":1},"f":{},"b":{}}
,"C:\\Users\\Teddy\\Desktop\\Projects\\Temporaire\\counter\\packages\\web\\tests\\index.ts": {"path":"C:\\Users\\Teddy\\Desktop\\Projects\\Temporaire\\counter\\packages\\web\\tests\\index.ts","statementMap":{"0":{"start":{"line":1,"column":0},"end":{"line":1,"column":26}}},"fnMap":{},"branchMap":{},"s":{"0":1},"f":{},"b":{}}
,"C:\\Users\\Teddy\\Desktop\\Projects\\Temporaire\\counter\\packages\\web\\tests\\testing.tsx": {"path":"C:\\Users\\Teddy\\Desktop\\Projects\\Temporaire\\counter\\packages\\web\\tests\\testing.tsx","statementMap":{"0":{"start":{"line":2,"column":0},"end":{"line":2,"column":63}},"1":{"start":{"line":6,"column":0},"end":{"line":6,"column":36}},"2":{"start":{"line":7,"column":0},"end":{"line":7,"column":49}},"3":{"start":{"line":20,"column":40},"end":{"line":20,"column":63}},"4":{"start":{"line":22,"column":25},"end":{"line":26,"column":1}},"5":{"start":{"line":23,"column":2},"end":{"line":25,"column":15}},"6":{"start":{"line":24,"column":4},"end":{"line":24,"column":40}},"7":{"start":{"line":28,"column":24},"end":{"line":32,"column":1}},"8":{"start":{"line":28,"column":25},"end":{"line":28,"column":null}},"9":{"start":{"line":29,"column":2},"end":{"line":31,"column":4}},"10":{"start":{"line":29,"column":20},"end":{"line":29,"column":50}},"11":{"start":{"line":30,"column":4},"end":{"line":30,"column":47}},"12":{"start":{"line":34,"column":21},"end":{"line":37,"column":1}},"13":{"start":{"line":34,"column":40},"end":{"line":34,"column":null}},"14":{"start":{"line":35,"column":35},"end":{"line":35,"column":43}},"15":{"start":{"line":35,"column":30},"end":{"line":35,"column":35}},"16":{"start":{"line":36,"column":2},"end":{"line":36,"column":65}},"17":{"start":{"line":41,"column":25},"end":{"line":41,"column":31}},"18":{"start":{"line":39,"column":0},"end":{"line":39,"column":9}},"19":{"start":{"line":39,"column":9},"end":{"line":39,"column":40}},"20":{"start":{"line":40,"column":0},"end":{"line":40,"column":39}}},"fnMap":{"0":{"name":"(anonymous_7)","decl":{"start":{"line":22,"column":25},"end":{"line":22,"column":26}},"loc":{"start":{"line":22,"column":81},"end":{"line":26,"column":1}}},"1":{"name":"(anonymous_8)","decl":{"start":{"line":23,"column":26},"end":{"line":23,"column":27}},"loc":{"start":{"line":23,"column":46},"end":{"line":25,"column":3}}},"2":{"name":"(anonymous_9)","decl":{"start":{"line":28,"column":24},"end":{"line":28,"column":25}},"loc":{"start":{"line":28,"column":61},"end":{"line":32,"column":1}}},"3":{"name":"(anonymous_10)","decl":{"start":{"line":29,"column":9},"end":{"line":29,"column":10}},"loc":{"start":{"line":29,"column":50},"end":{"line":31,"column":3}}},"4":{"name":"(anonymous_11)","decl":{"start":{"line":34,"column":21},"end":{"line":34,"column":22}},"loc":{"start":{"line":34,"column":106},"end":{"line":37,"column":1}}},"5":{"name":"(anonymous_12)","decl":{"start":{"line":39,"column":9},"end":{"line":39,"column":22}},"loc":{"start":{"line":39,"column":9},"end":{"line":39,"column":40}}}},"branchMap":{"0":{"loc":{"start":{"line":28,"column":25},"end":{"line":28,"column":null}},"type":"if","locations":[{"start":{"line":28,"column":25},"end":{"line":28,"column":null}}]},"1":{"loc":{"start":{"line":34,"column":40},"end":{"line":34,"column":null}},"type":"if","locations":[{"start":{"line":34,"column":40},"end":{"line":34,"column":null}}]}},"s":{"0":1,"1":1,"2":1,"3":1,"4":1,"5":5,"6":10,"7":1,"8":7,"9":5,"10":5,"11":5,"12":1,"13":7,"14":5,"15":5,"16":5,"17":1,"18":1,"19":2,"20":1},"f":{"0":5,"1":10,"2":5,"3":5,"4":5,"5":1},"b":{"0":[2],"1":[2]}}
,"C:\\Users\\Teddy\\Desktop\\Projects\\Temporaire\\counter\\packages\\web\\tests\\mocks\\apollo.mock.tsx": {"path":"C:\\Users\\Teddy\\Desktop\\Projects\\Temporaire\\counter\\packages\\web\\tests\\mocks\\apollo.mock.tsx","statementMap":{"0":{"start":{"line":1,"column":0},"end":{"line":1,"column":44}},"1":{"start":{"line":2,"column":0},"end":{"line":2,"column":80}},"2":{"start":{"line":7,"column":23},"end":{"line":7,"column":109}},"3":{"start":{"line":10,"column":2},"end":{"line":14,"column":4}},"4":{"start":{"line":9,"column":0},"end":{"line":9,"column":16}}},"fnMap":{"0":{"name":"withApollo","decl":{"start":{"line":9,"column":16},"end":{"line":9,"column":26}},"loc":{"start":{"line":9,"column":82},"end":{"line":15,"column":1}}}},"branchMap":{"0":{"loc":{"start":{"line":11,"column":27},"end":{"line":11,"column":48}},"type":"cond-expr","locations":[{"start":{"line":11,"column":42},"end":{"line":11,"column":46}},{"start":{"line":11,"column":46},"end":{"line":11,"column":48}}]},"1":{"loc":{"start":{"line":11,"column":27},"end":{"line":11,"column":46}},"type":"binary-expr","locations":[{"start":{"line":11,"column":27},"end":{"line":11,"column":46}},{"start":{"line":11,"column":42},"end":{"line":11,"column":46}}]}},"s":{"0":1,"1":1,"2":1,"3":5,"4":1},"f":{"0":5},"b":{"0":[2,3],"1":[5,5]}}
,"C:\\Users\\Teddy\\Desktop\\Projects\\Temporaire\\counter\\packages\\web\\tests\\mocks\\index.ts": {"path":"C:\\Users\\Teddy\\Desktop\\Projects\\Temporaire\\counter\\packages\\web\\tests\\mocks\\index.ts","statementMap":{"0":{"start":{"line":1,"column":0},"end":{"line":1,"column":29}}},"fnMap":{},"branchMap":{},"s":{"0":1},"f":{},"b":{}}
,"C:\\Users\\Teddy\\Desktop\\Projects\\Temporaire\\counter\\packages\\web\\tests\\mocks\\redux.mock.tsx": {"path":"C:\\Users\\Teddy\\Desktop\\Projects\\Temporaire\\counter\\packages\\web\\tests\\mocks\\redux.mock.tsx","statementMap":{"0":{"start":{"line":2,"column":0},"end":{"line":2,"column":66}},"1":{"start":{"line":3,"column":0},"end":{"line":3,"column":26}},"2":{"start":{"line":5,"column":0},"end":{"line":5,"column":39}},"3":{"start":{"line":6,"column":0},"end":{"line":6,"column":52}},"4":{"start":{"line":10,"column":25},"end":{"line":12,"column":1}},"5":{"start":{"line":11,"column":2},"end":{"line":11,"column":82}},"6":{"start":{"line":10,"column":13},"end":{"line":10,"column":25}},"7":{"start":{"line":14,"column":29},"end":{"line":19,"column":1}},"8":{"start":{"line":15,"column":2},"end":{"line":18,"column":5}},"9":{"start":{"line":14,"column":13},"end":{"line":14,"column":29}}},"fnMap":{"0":{"name":"(anonymous_1)","decl":{"start":{"line":10,"column":25},"end":{"line":10,"column":26}},"loc":{"start":{"line":10,"column":81},"end":{"line":12,"column":1}}},"1":{"name":"(anonymous_2)","decl":{"start":{"line":14,"column":29},"end":{"line":14,"column":30}},"loc":{"start":{"line":14,"column":81},"end":{"line":19,"column":1}}}},"branchMap":{"0":{"loc":{"start":{"line":11,"column":26},"end":{"line":11,"column":58}},"type":"cond-expr","locations":[{"start":{"line":11,"column":39},"end":{"line":11,"column":43}},{"start":{"line":11,"column":43},"end":{"line":11,"column":58}}]},"1":{"loc":{"start":{"line":11,"column":26},"end":{"line":11,"column":43}},"type":"binary-expr","locations":[{"start":{"line":11,"column":26},"end":{"line":11,"column":43}},{"start":{"line":11,"column":39},"end":{"line":11,"column":43}}]}},"s":{"0":1,"1":1,"2":1,"3":1,"4":1,"5":5,"6":1,"7":1,"8":5,"9":1},"f":{"0":5,"1":5},"b":{"0":[1,4],"1":[5,5]}}
}
