TN:
SF:src\Counter.tsx
FN:20,(anonymous_7)
FN:21,(anonymous_8)
FN:27,(anonymous_9)
FN:34,(anonymous_10)
FN:35,(anonymous_11)
FN:36,(anonymous_12)
FN:39,(anonymous_13)
FNF:7
FNH:7
FNDA:13,(anonymous_7)
FNDA:17,(anonymous_8)
FNDA:6,(anonymous_9)
FNDA:1,(anonymous_10)
FNDA:2,(anonymous_11)
FNDA:1,(anonymous_12)
FNDA:1,(anonymous_13)
DA:1,1
DA:2,1
DA:3,1
DA:5,1
DA:8,1
DA:14,1
DA:20,1
DA:21,17
DA:22,13
DA:24,13
DA:25,13
DA:27,13
DA:28,6
DA:31,13
DA:34,1
DA:35,2
DA:36,1
DA:39,1
DA:46,1
LF:19
LH:19
BRDA:8,0,0,1
BRDA:8,0,1,1
BRDA:14,1,0,1
BRDA:14,1,1,1
BRDA:28,2,0,1
BRF:5
BRH:5
end_of_record
TN:
SF:src\store\counter.slice.ts
FN:15,(anonymous_0)
FN:18,(anonymous_1)
FN:21,(anonymous_2)
FNF:3
FNH:3
FNDA:2,(anonymous_0)
FNDA:1,(anonymous_1)
FNDA:1,(anonymous_2)
DA:1,1
DA:7,1
DA:11,1
DA:16,2
DA:19,1
DA:22,1
DA:27,1
DA:28,1
LF:8
LH:8
BRF:0
BRH:0
end_of_record
TN:
SF:src\store\store.ts
FNF:0
FNH:0
DA:1,1
DA:3,1
DA:5,1
DA:9,1
LF:4
LH:4
BRF:0
BRH:0
end_of_record
TN:
SF:tests\index.ts
FNF:0
FNH:0
DA:1,1
LF:1
LH:1
BRF:0
BRH:0
end_of_record
TN:
SF:tests\testing.tsx
FN:22,(anonymous_7)
FN:23,(anonymous_8)
FN:28,(anonymous_9)
FN:29,(anonymous_10)
FN:34,(anonymous_11)
FN:39,(anonymous_12)
FNF:6
FNH:6
FNDA:5,(anonymous_7)
FNDA:10,(anonymous_8)
FNDA:5,(anonymous_9)
FNDA:5,(anonymous_10)
FNDA:5,(anonymous_11)
FNDA:1,(anonymous_12)
DA:2,1
DA:6,1
DA:7,1
DA:20,1
DA:22,1
DA:23,5
DA:24,10
DA:28,7
DA:29,5
DA:30,5
DA:34,7
DA:35,5
DA:36,5
DA:39,2
DA:40,1
DA:41,1
LF:16
LH:16
BRDA:28,0,0,2
BRDA:34,1,0,2
BRF:2
BRH:2
end_of_record
TN:
SF:tests\mocks\apollo.mock.tsx
FN:9,withApollo
FNF:1
FNH:1
FNDA:5,withApollo
DA:1,1
DA:2,1
DA:7,1
DA:9,1
DA:10,5
LF:5
LH:5
BRDA:11,0,0,2
BRDA:11,0,1,3
BRDA:11,1,0,5
BRDA:11,1,1,5
BRF:4
BRH:4
end_of_record
TN:
SF:tests\mocks\index.ts
FNF:0
FNH:0
DA:1,1
LF:1
LH:1
BRF:0
BRH:0
end_of_record
TN:
SF:tests\mocks\redux.mock.tsx
FN:10,(anonymous_1)
FN:14,(anonymous_2)
FNF:2
FNH:2
FNDA:5,(anonymous_1)
FNDA:5,(anonymous_2)
DA:2,1
DA:3,1
DA:5,1
DA:6,1
DA:10,1
DA:11,5
DA:14,1
DA:15,5
LF:8
LH:8
BRDA:11,0,0,1
BRDA:11,0,1,4
BRDA:11,1,0,5
BRDA:11,1,1,5
BRF:4
BRH:4
end_of_record
